2024-09-25 18:29:49.5835 (Scene.cs:36) scene create: NetInner -2 1
2024-09-25 18:29:49.5954 (Scene.cs:36) scene create: Gate 2 1
2024-09-25 18:29:49.5954 (Scene.cs:36) scene create: Gate 3 1
2024-09-25 18:29:49.5954 (Scene.cs:36) scene create: Location 4 1
2024-09-25 18:29:49.5954 (Scene.cs:36) scene create: Match 5 1
2024-09-25 18:29:49.6046 (Scene.cs:36) scene create: Map 6 1
2024-09-25 18:29:49.6046 (Scene.cs:36) scene create: Map 7 1
2024-09-25 18:29:49.6046 (Scene.cs:36) scene create: RouterManager 300 1
2024-09-25 18:29:49.6281 (Scene.cs:36) scene create: Router 301 1
2024-09-25 18:29:49.6281 (Scene.cs:36) scene create: Router 302 1
2024-09-25 18:29:49.6359 (Scene.cs:36) scene create: Router 303 1
2024-09-25 18:29:49.6359 (Scene.cs:36) scene create: Router 304 1
2024-09-25 18:29:49.6359 (Scene.cs:36) scene create: LoginCenter 401 1
2024-09-25 18:29:49.6359 (Scene.cs:36) scene create: Realm 402 1
2024-09-25 18:33:50.6212 (Scene.cs:36) scene create: NetInner -2 1
2024-09-25 18:33:50.6389 (Scene.cs:36) scene create: Gate 2 1
2024-09-25 18:33:50.6389 (Scene.cs:36) scene create: Gate 3 1
2024-09-25 18:33:50.6484 (Scene.cs:36) scene create: Location 4 1
2024-09-25 18:33:50.6484 (Scene.cs:36) scene create: Match 5 1
2024-09-25 18:33:50.6484 (Scene.cs:36) scene create: Map 6 1
2024-09-25 18:33:50.6484 (Scene.cs:36) scene create: Map 7 1
2024-09-25 18:33:50.6484 (Scene.cs:36) scene create: RouterManager 300 1
2024-09-25 18:33:50.6862 (Scene.cs:36) scene create: Router 301 1
2024-09-25 18:33:50.6922 (Scene.cs:36) scene create: Router 302 1
2024-09-25 18:33:50.6922 (Scene.cs:36) scene create: Router 303 1
2024-09-25 18:33:50.6922 (Scene.cs:36) scene create: Router 304 1
2024-09-25 18:33:50.6922 (Scene.cs:36) scene create: LoginCenter 401 1
2024-09-25 18:33:50.6922 (Scene.cs:36) scene create: Realm 402 1
